<?xml version="1.0" encoding="UTF-8"?>
<!-- Generated by org.testng.reporters.JUnitReportReporter -->
<testsuite hostname="DESKTOP-38PD48R" failures="0" tests="1" name="FinalScriptVtiger.CreateOrganisationTest" time="26.239" errors="0" timestamp="2023-08-23T10:04:57 IST" skipped="0">
  <testcase classname="FinalScriptVtiger.CreateOrganisationTest" name="createOrgTest" time="26.239"/>
</testsuite> <!-- FinalScriptVtiger.CreateOrganisationTest -->
