<?xml version="1.0" encoding="UTF-8"?>
<!-- Generated by org.testng.reporters.JUnitReportReporter -->
<testsuite hostname="DESKTOP-38PD48R" failures="0" tests="1" name="FinalScriptVtiger.CreatecontactWithOrganisationTest" time="26.611" errors="0" timestamp="2023-08-24T09:16:29 IST" skipped="0">
  <testcase classname="FinalScriptVtiger.CreatecontactWithOrganisationTest" name="createContactwithOrgTest" time="26.611"/>
</testsuite> <!-- FinalScriptVtiger.CreatecontactWithOrganisationTest -->
