<?xml version="1.0" encoding="UTF-8"?>
<!-- Generated by org.testng.reporters.JUnitReportReporter -->
<testsuite hostname="DESKTOP-38PD48R" failures="0" tests="1" name="FinalScriptVtiger.CreateContactTest" time="41.235" errors="0" timestamp="2023-08-24T08:39:17 IST" skipped="0">
  <testcase classname="FinalScriptVtiger.CreateContactTest" name="createContacttest" time="41.235"/>
</testsuite> <!-- FinalScriptVtiger.CreateContactTest -->
